# JRE version: Java(TM) SE Runtime Environment (23.0+37) (build 23+37-2369)
# Java VM: Java HotSpot(TM) 64-Bit Server VM (23+37-2369, mixed mode, sharing, tiered, compressed oops, compressed class ptrs, g1 gc, windows-amd64)
GC Precious Log:
 CardTable entry size: 512
 Card Set container configuration: InlinePtr #cards 4 size 8 Array Of Cards #cards 32 size 80 Howl #buckets 8 coarsen threshold 7372 Howl Bitmap #cards 1024 size 144 coarsen threshold 921 Card regions per heap region 1 cards per card region 8192
 CPUs: 4 total, 4 available
 Memory: 32565M
 Large Page Support: Disabled
 NUMA Support: Disabled
 Compressed Oops: Enabled (Zero based)
 Heap Region Size: 4M
 Heap Min Capacity: 8M
 Heap Initial Capacity: 512M
 Heap Max Capacity: 8144M
 Pre-touch: Disabled
 Parallel Workers: 4
 Concurrent Workers: 1
 Concurrent Refinement Workers: 4
 Periodic GC: Disabled
Heap:
 garbage-first heap   total reserved 8339456K, committed 524288K, used 51432K [0x0000000603000000, 0x0000000800000000)
  region size 4096K, 14 young (57344K), 1 survivors (4096K)
 Metaspace       used 7896K, committed 8128K, reserved 1114112K
  class space    used 846K, committed 960K, reserved 1048576K
GC Heap History (8 events):
Event: 76.547 GC heap before
{Heap before GC invocations=0 (full 0):
 garbage-first heap   total reserved 8339456K, committed 524288K, used 24576K [0x0000000603000000, 0x0000000800000000)
  region size 4096K, 6 young (24576K), 0 survivors (0K)
 Metaspace       used 7489K, committed 7680K, reserved 1114112K
  class space    used 824K, committed 896K, reserved 1048576K
}
Event: 76.552 GC heap after
{Heap after GC invocations=1 (full 0):
 garbage-first heap   total reserved 8339456K, committed 524288K, used 2320K [0x0000000603000000, 0x0000000800000000)
  region size 4096K, 1 young (4096K), 1 survivors (4096K)
 Metaspace       used 7489K, committed 7680K, reserved 1114112K
  class space    used 824K, committed 896K, reserved 1048576K
}
Event: 86.540 GC heap before
{Heap before GC invocations=1 (full 0):
 garbage-first heap   total reserved 8339456K, committed 524288K, used 22800K [0x0000000603000000, 0x0000000800000000)
  region size 4096K, 6 young (24576K), 1 survivors (4096K)
 Metaspace       used 7515K, committed 7744K, reserved 1114112K
  class space    used 824K, committed 896K, reserved 1048576K
}
Event: 86.542 GC heap after
{Heap after GC invocations=2 (full 0):
 garbage-first heap   total reserved 8339456K, committed 524288K, used 2656K [0x0000000603000000, 0x0000000800000000)
  region size 4096K, 1 young (4096K), 1 survivors (4096K)
 Metaspace       used 7515K, committed 7744K, reserved 1114112K
  class space    used 824K, committed 896K, reserved 1048576K
}
Event: 130.776 GC heap before
{Heap before GC invocations=2 (full 0):
 garbage-first heap   total reserved 8339456K, committed 524288K, used 47712K [0x0000000603000000, 0x0000000800000000)
  region size 4096K, 12 young (49152K), 1 survivors (4096K)
 Metaspace       used 7555K, committed 7744K, reserved 1114112K
  class space    used 825K, committed 896K, reserved 1048576K
}
Event: 130.776 GC heap after
{Heap after GC invocations=3 (full 0):
 garbage-first heap   total reserved 8339456K, committed 524288K, used 2337K [0x0000000603000000, 0x0000000800000000)
  region size 4096K, 1 young (4096K), 1 survivors (4096K)
 Metaspace       used 7555K, committed 7744K, reserved 1114112K
  class space    used 825K, committed 896K, reserved 1048576K
}
Event: 257.885 GC heap before
{Heap before GC invocations=3 (full 0):
 garbage-first heap   total reserved 8339456K, committed 524288K, used 55585K [0x0000000603000000, 0x0000000800000000)
  region size 4096K, 14 young (57344K), 1 survivors (4096K)
 Metaspace       used 7592K, committed 7808K, reserved 1114112K
  class space    used 825K, committed 896K, reserved 1048576K
}
Event: 257.886 GC heap after
{Heap after GC invocations=4 (full 0):
 garbage-first heap   total reserved 8339456K, committed 524288K, used 2280K [0x0000000603000000, 0x0000000800000000)
  region size 4096K, 1 young (4096K), 1 survivors (4096K)
 Metaspace       used 7592K, committed 7808K, reserved 1114112K
  class space    used 825K, committed 896K, reserved 1048576K
}

